[debug] [2024-04-10T09:42:06.215Z] ----------------------------------------------------------------------
[debug] [2024-04-10T09:42:06.217Z] Command:       C:\Program Files\nodejs\node.exe C:\Users\tdama\AppData\Roaming\npm\node_modules\firebase-tools\lib\bin\firebase.js init hosting
[debug] [2024-04-10T09:42:06.218Z] CLI Version:   13.7.1
[debug] [2024-04-10T09:42:06.218Z] Platform:      win32
[debug] [2024-04-10T09:42:06.218Z] Node Version:  v20.12.1
[debug] [2024-04-10T09:42:06.218Z] Time:          Wed Apr 10 2024 15:12:06 GMT+0530 (India Standard Time)
[debug] [2024-04-10T09:42:06.218Z] ----------------------------------------------------------------------
[debug] 
[debug] [2024-04-10T09:42:06.273Z] > command requires scopes: ["email","openid","https://www.googleapis.com/auth/cloudplatformprojects.readonly","https://www.googleapis.com/auth/firebase","https://www.googleapis.com/auth/cloud-platform"]
[debug] [2024-04-10T09:42:06.274Z] > authorizing via signed-in user (kumarapeliofficial@gmail.com)
[info] 
     ######## #### ########  ######## ########     ###     ######  ########
     ##        ##  ##     ## ##       ##     ##  ##   ##  ##       ##
     ######    ##  ########  ######   ########  #########  ######  ######
     ##        ##  ##    ##  ##       ##     ## ##     ##       ## ##
     ##       #### ##     ## ######## ########  ##     ##  ######  ########

You're about to initialize a Firebase project in this directory:

  C:\Users\tdama\Documents\CyberKey

Before we get started, keep in mind:

  * You are initializing within an existing Firebase project directory



